<?xml version="1.0" encoding="utf-8"?><testsuites name="pytest tests"><testsuite name="pytest" errors="0" failures="0" skipped="0" tests="8" time="1.122" timestamp="2026-09-02T07:19:19.241483+00:00" hostname="agent-env-8b4ee27d-b500-49d9-ba22-6a855f5e0b62"><testcase classname="tests.test_favicons" name="test_favicon_ico" time="0.177" /><testcase classname="tests.test_favicons" name="test_png_sizes[/favicon-16.png-16]" time="0.061" /><testcase classname="tests.test_favicons" name="test_png_sizes[/favicon-32.png-32]" time="0.060" /><testcase classname="tests.test_favicons" name="test_png_sizes[/favicon-192.png-192]" time="0.070" /><testcase classname="tests.test_favicons" name="test_png_sizes[/apple-touch-icon.png-180]" time="0.066" /><testcase classname="tests.test_favicons" name="test_mark_content_at_32" time="0.060" /><testcase classname="tests.test_favicons" name="test_mark_content_at_192" time="0.076" /><testcase classname="tests.test_favicons" name="test_index_html_favicon_tags" time="0.060" /></testsuite></testsuites>