<?xml version="1.0" encoding="utf-8"?><testsuites name="pytest tests"><testsuite name="pytest" errors="0" failures="0" skipped="0" tests="32" time="13.087" timestamp="2026-08-31T16:55:06.826479+00:00" hostname="agent-env-8b4ee27d-b500-49d9-ba22-6a855f5e0b62"><testcase classname="tests.backend_test.TestCatalog" name="test_products_seeded" time="0.286" /><testcase classname="tests.backend_test.TestCatalog" name="test_categories" time="0.112" /><testcase classname="tests.backend_test.TestCatalog" name="test_product_detail" time="0.081" /><testcase classname="tests.backend_test.TestCatalog" name="test_product_404" time="0.080" /><testcase classname="tests.backend_test.TestJournal" name="test_articles" time="0.077" /><testcase classname="tests.backend_test.TestJournal" name="test_article_detail_related" time="0.087" /><testcase classname="tests.backend_test.TestAuth" name="test_register_and_me" time="0.391" /><testcase classname="tests.backend_test.TestAuth" name="test_login_admin" time="0.314" /><testcase classname="tests.backend_test.TestAuth" name="test_login_editor" time="0.301" /><testcase classname="tests.backend_test.TestAuth" name="test_login_bad" time="0.305" /><testcase classname="tests.backend_test.TestAuth" name="test_me_requires_auth" time="0.072" /><testcase classname="tests.backend_test.TestCart" name="test_add_and_recalc" time="0.161" /><testcase classname="tests.backend_test.TestCart" name="test_update_quantity" time="0.239" /><testcase classname="tests.backend_test.TestCart" name="test_remove_by_zero" time="0.244" /><testcase classname="tests.backend_test.TestCoupons" name="test_welcome10_capped" time="0.301" /><testcase classname="tests.backend_test.TestCoupons" name="test_freeship" time="0.232" /><testcase classname="tests.backend_test.TestCoupons" name="test_invalid_coupon" time="0.226" /><testcase classname="tests.backend_test.TestOrders" name="test_get_order_by_number" time="0.539" /><testcase classname="tests.backend_test.TestOrders" name="test_my_orders" time="0.077" /><testcase classname="tests.backend_test.TestOrders" name="test_my_orders_requires_auth" time="0.074" /><testcase classname="tests.backend_test.TestAdminRBAC" name="test_no_token" time="0.079" /><testcase classname="tests.backend_test.TestAdminRBAC" name="test_customer_token_forbidden" time="0.076" /><testcase classname="tests.backend_test.TestAdminRBAC" name="test_admin_stats" time="0.079" /><testcase classname="tests.backend_test.TestAdminOrderFlow" name="test_transitions" time="0.313" /><testcase classname="tests.backend_test.TestAdminCRUD" name="test_coupon_crud" time="0.309" /><testcase classname="tests.backend_test.TestAdminCRUD" name="test_article_crud" time="0.171" /><testcase classname="tests.backend_test.TestAdminCRUD" name="test_product_stock_state" time="0.309" /><testcase classname="tests.backend_test.TestAudit" name="test_audit_records_actor" time="0.080" /><testcase classname="tests.backend_test.TestAI" name="test_recommend" time="4.708" /><testcase classname="tests.backend_test.TestAI" name="test_chat_sse" time="2.324" /><testcase classname="tests.backend_test.TestSEO" name="test_sitemap" time="0.252" /><testcase classname="tests.backend_test.TestSEO" name="test_robots" time="0.082" /></testsuite></testsuites>